{"date":"2019-05-24T10:02:13.725Z","api":"/users/register","body":{"first_name":"string","last_name":"string","email":"string723469@gmail.com","password":"string","role":"user","created_date_time":"2019-05-24T10:02:13.446Z"},"responce":{"hasError":false,"code":200,"data":{"token":"eyJhbGciOiJIUzI1NiIsInR5cCI6IkpXVCJ9.eyJ1c2VyX2lkIjoiNWNlN2MxMjVjZWM3MTA3YzhlYjNlOGYwIiwiaWF0IjoxNTU4NjkyMTMzfQ.9adWN87TBNDzCwDe1ufN2lwY8xt2tgVRJBKCsulnzVs"},"message":"Created Successfully"},"level":"info"}
{"date":"2019-05-24T10:03:33.137Z","api":"/users/register","body":{"first_name":"string","last_name":"string","email":"string823469@gmail.com","password":"string","role":"user","created_date_time":"2019-05-24T10:03:32.849Z"},"responce":{"hasError":false,"code":200,"data":{"token":"eyJhbGciOiJIUzI1NiIsInR5cCI6IkpXVCJ9.eyJ1c2VyX2lkIjoiNWNlN2MxNzQ2MzQyYmY3Y2FlZjlmMjhlIiwiaWF0IjoxNTU4NjkyMjEzfQ.V8XMScNH5AFA_TYcVpNQKUY-gTsVSDa37auDkGKSMJ8"},"message":"Created Successfully"},"level":"info"}
{"date":"2019-05-24T10:03:42.707Z","api":"/users/register","body":{"first_name":"string","last_name":"string","email":"string923469@gmail.com","password":"string","role":"user","created_date_time":"2019-05-24T10:03:42.441Z"},"responce":{"hasError":false,"code":200,"data":{"token":"eyJhbGciOiJIUzI1NiIsInR5cCI6IkpXVCJ9.eyJ1c2VyX2lkIjoiNWNlN2MxN2U2MzQyYmY3Y2FlZjlmMjkwIiwiaWF0IjoxNTU4NjkyMjIyfQ.VAl7qgqcnKWZOageiG2mmyr_5F5n0D2bqKtNIYg5JYE"},"message":"Created Successfully"},"level":"info"}
{"date":"2019-05-24T10:04:12.365Z","api":"/users/register","method":{"post":true},"body":{"first_name":"string","last_name":"string","email":"string913469@gmail.com","password":"string","role":"user","created_date_time":"2019-05-24T10:04:12.086Z"},"responce":{"hasError":false,"code":200,"data":{"token":"eyJhbGciOiJIUzI1NiIsInR5cCI6IkpXVCJ9.eyJ1c2VyX2lkIjoiNWNlN2MxOWMyMTA2YWI3Y2M0ZGRhY2RkIiwiaWF0IjoxNTU4NjkyMjUyfQ.AyCMyAhjbyd9YFxwaKEyBxvWUd75X76BdkxKw1fEqpw"},"message":"Created Successfully"},"level":"info"}
{"date":"2019-05-24T10:06:16.291Z","api":"/users/register","method":{"post":true},"body":{"first_name":"string","last_name":"string","email":"string913469@gmail.com","password":"string","role":"user","created_date_time":"2019-05-24T10:06:16.003Z"},"responce":{"hasError":true,"code":400,"data":{"driver":true,"name":"MongoError","index":0,"code":11000,"errmsg":"E11000 duplicate key error collection: stopgap_dev.users index: email_1 dup key: { : \"string913469@gmail.com\" }"},"message":"E11000 duplicate key error collection: stopgap_dev.users index: email_1 dup key: { : \"string913469@gmail.com\" }"},"level":"error","message":"error"}
{"date":"2019-05-24T10:16:09.130Z","api":"/users/register","method":{"post":true},"body":{"first_name":"string","last_name":"string","email":"string913469@gmail.com","password":"string","role":"user","created_date_time":"2019-05-24T10:16:08.837Z"},"responce":{"hasError":true,"code":400,"data":{"driver":true,"name":"MongoError","index":0,"code":11000,"errmsg":"E11000 duplicate key error collection: stopgap_dev.users index: email_1 dup key: { : \"string913469@gmail.com\" }"},"message":"E11000 duplicate key error collection: stopgap_dev.users index: email_1 dup key: { : \"string913469@gmail.com\" }"},"level":"error","message":"error"}
{"date":"2019-05-24T10:18:04.782Z","api":"/users/register","method":{"post":true},"body":{"first_name":"string","last_name":"string","email":"string913469@gmail.com","password":"string","role":"user","created_date_time":"2019-05-24T10:18:04.504Z"},"responce":{"hasError":true,"code":400,"data":{"driver":true,"name":"MongoError","index":0,"code":11000,"errmsg":"E11000 duplicate key error collection: stopgap_dev.users index: email_1 dup key: { : \"string913469@gmail.com\" }"},"message":"E11000 duplicate key error collection: stopgap_dev.users index: email_1 dup key: { : \"string913469@gmail.com\" }"},"level":"error","message":"error"}
{"date":"2019-05-24T10:18:52.533Z","api":"/users/register","method":{"post":true},"body":{"first_name":"string","last_name":"string","email":"string913469@gmail.com","password":"string","role":"user","created_date_time":"2019-05-24T10:18:52.256Z"},"responce":{"hasError":true,"code":400,"data":{"driver":true,"name":"MongoError","index":0,"code":11000,"errmsg":"E11000 duplicate key error collection: stopgap_dev.users index: email_1 dup key: { : \"string913469@gmail.com\" }"},"message":"E11000 duplicate key error collection: stopgap_dev.users index: email_1 dup key: { : \"string913469@gmail.com\" }"},"level":"error","message":"error"}
{"date":"2019-05-24T10:20:20.471Z","api":"/users/register","method":{"post":true},"body":{"first_name":"string","last_name":"string","email":"string913469@gmail.com","password":"string","role":"user","created_date_time":"2019-05-24T10:20:20.198Z"},"responce":{"hasError":true,"code":400,"data":{"driver":true,"name":"MongoError","index":0,"code":11000,"errmsg":"E11000 duplicate key error collection: stopgap_dev.users index: email_1 dup key: { : \"string913469@gmail.com\" }"},"message":"E11000 duplicate key error collection: stopgap_dev.users index: email_1 dup key: { : \"string913469@gmail.com\" }"},"level":"error","message":"error"}
{"date":"2019-05-24T12:55:14.195Z","api":"/users/register","method":{"post":true},"body":{"first_name":"string","last_name":"string","email":"string913469@gmail.com","password":"string","role":"user","created_date_time":"2019-05-24T12:55:13.907Z"},"responce":{"hasError":true,"code":400,"data":{"driver":true,"name":"MongoError","index":0,"code":11000,"errmsg":"E11000 duplicate key error collection: stopgap_dev.users index: email_1 dup key: { : \"string913469@gmail.com\" }"},"message":"E11000 duplicate key error collection: stopgap_dev.users index: email_1 dup key: { : \"string913469@gmail.com\" }"},"level":"error","message":"error"}
{"date":"2019-05-24T12:56:05.135Z","api":"/users/register","method":{"post":true},"body":{"first_name":"string","last_name":"string","email":"string913469@gmail.com","password":"string","role":"user","created_date_time":"2019-05-24T12:56:04.852Z"},"responce":{"hasError":true,"code":400,"data":{"driver":true,"name":"MongoError","index":0,"code":11000,"errmsg":"E11000 duplicate key error collection: stopgap_dev.users index: email_1 dup key: { : \"string913469@gmail.com\" }"},"message":"E11000 duplicate key error collection: stopgap_dev.users index: email_1 dup key: { : \"string913469@gmail.com\" }"},"level":"error","message":"error"}
{"date":"2019-05-24T12:57:04.921Z","api":"/users/register","method":{"post":true},"body":{"first_name":"string","last_name":"string","email":"string913469@gmail.com","password":"string","role":"user","created_date_time":"2019-05-24T12:57:04.639Z"},"responce":{"hasError":true,"code":400,"data":{"driver":true,"name":"MongoError","index":0,"code":11000,"errmsg":"E11000 duplicate key error collection: stopgap_dev.users index: email_1 dup key: { : \"string913469@gmail.com\" }"},"message":"E11000 duplicate key error collection: stopgap_dev.users index: email_1 dup key: { : \"string913469@gmail.com\" }"},"level":"error","message":"error"}
{"date":"2019-05-24T12:59:01.209Z","api":"/users/register","method":{"post":true},"body":{"first_name":"string","last_name":"string","email":"string913469@gmail.com","password":"string","role":"user","created_date_time":"2019-05-24T12:59:00.921Z"},"responce":{"hasError":true,"code":400,"data":{"driver":true,"name":"MongoError","index":0,"code":11000,"errmsg":"E11000 duplicate key error collection: stopgap_dev.users index: email_1 dup key: { : \"string913469@gmail.com\" }"},"message":"E11000 duplicate key error collection: stopgap_dev.users index: email_1 dup key: { : \"string913469@gmail.com\" }"},"level":"error","message":"error"}
{"date":"2019-05-24T12:59:33.681Z","api":"/users/register","method":{"post":true},"body":{"first_name":"string","last_name":"string","email":"string913469@gmail.com","password":"string","role":"user","created_date_time":"2019-05-24T12:59:33.401Z"},"responce":{"hasError":true,"code":400,"data":{"driver":true,"name":"MongoError","index":0,"code":11000,"errmsg":"E11000 duplicate key error collection: stopgap_dev.users index: email_1 dup key: { : \"string913469@gmail.com\" }"},"message":"E11000 duplicate key error collection: stopgap_dev.users index: email_1 dup key: { : \"string913469@gmail.com\" }"},"level":"error","message":"error"}
{"date":"2019-05-24T13:04:06.901Z","api":"/users/register","method":{"post":true},"body":{"first_name":"string","last_name":"string","email":"string913469@gmail.com","password":"string","role":"user","created_date_time":"2019-05-24T13:04:06.619Z"},"responce":{"hasError":true,"code":400,"data":{"driver":true,"name":"MongoError","index":0,"code":11000,"errmsg":"E11000 duplicate key error collection: stopgap_dev.users index: email_1 dup key: { : \"string913469@gmail.com\" }"},"message":"E11000 duplicate key error collection: stopgap_dev.users index: email_1 dup key: { : \"string913469@gmail.com\" }"},"level":"error","message":"error"}
{"date":"2019-06-04T09:15:32.743Z","api":"/gii","method":{"post":true},"body":{},"responce":{"hasError":false,"code":200,"data":{"token":""},"message":"Login Successfully"},"level":"info"}
{"date":"2019-06-04T09:32:34.545Z","api":"/gii","method":{"post":true},"body":{},"responce":{"hasError":false,"code":200,"data":{"token":""},"message":"Login Successfully"},"level":"info"}
{"date":"2019-06-04T09:32:37.765Z","api":"/gii","method":{"post":true},"body":{},"responce":{"hasError":false,"code":200,"data":{"token":""},"message":"Login Successfully"},"level":"info"}
{"date":"2019-06-04T09:32:37.953Z","api":"/gii","method":{"post":true},"body":{},"responce":{"hasError":false,"code":200,"data":{"token":""},"message":"Login Successfully"},"level":"info"}
{"date":"2019-06-04T09:45:50.359Z","api":"/gii","method":{"post":true},"body":{"name":"string"},"responce":{"hasError":false,"code":200,"data":{"token":""},"message":"Login Successfully"},"level":"info"}
{"date":"2019-06-04T12:56:45.385Z","api":"/gii","method":{"post":true},"body":{"ok":"ok"},"responce":{"hasError":false,"code":200,"data":{"token":""},"message":"Login Successfully"},"level":"info"}
{"date":"2019-06-04T12:56:54.480Z","api":"/gii","method":{"post":true},"body":{"ok":"ok"},"responce":{"hasError":false,"code":200,"data":{"token":""},"message":"Login Successfully"},"level":"info"}
{"date":"2019-06-04T12:57:15.201Z","api":"/gii","method":{"post":true},"body":{"ok":"ok"},"responce":{"hasError":false,"code":200,"data":{"token":""},"message":"Login Successfully"},"level":"info"}
{"date":"2019-06-04T12:58:03.552Z","api":"/gii","method":{"post":true},"body":{"ok":"ok"},"responce":{"hasError":false,"code":200,"data":{"token":""},"message":"Login Successfully"},"level":"info"}
{"date":"2019-06-04T12:58:05.004Z","api":"/gii","method":{"post":true},"body":{"ok":"ok"},"responce":{"hasError":false,"code":200,"data":{"token":""},"message":"Login Successfully"},"level":"info"}
{"date":"2019-06-04T12:58:16.084Z","api":"/gii","method":{"post":true},"body":{"ok":"ok"},"responce":{"hasError":false,"code":200,"data":{"token":""},"message":"Login Successfully"},"level":"info"}
{"date":"2019-06-04T12:58:26.201Z","api":"/gii","method":{"post":true},"body":{"ok":"ok"},"responce":{"hasError":false,"code":200,"data":{"token":""},"message":"Login Successfully"},"level":"info"}
{"date":"2019-06-04T12:59:16.526Z","api":"/gii","method":{"post":true},"body":{"ok":"ok"},"responce":{"hasError":false,"code":200,"data":{"token":""},"message":"Login Successfully"},"level":"info"}
{"date":"2019-06-04T12:59:17.811Z","api":"/gii","method":{"post":true},"body":{"ok":"ok"},"responce":{"hasError":false,"code":200,"data":{"token":""},"message":"Login Successfully"},"level":"info"}
{"date":"2019-06-04T12:59:18.188Z","api":"/gii","method":{"post":true},"body":{"ok":"ok"},"responce":{"hasError":false,"code":200,"data":{"token":""},"message":"Login Successfully"},"level":"info"}
{"date":"2019-06-04T13:00:14.203Z","api":"/gii","method":{"post":true},"body":{"ok":"ok"},"responce":{"hasError":false,"code":200,"data":{"token":""},"message":"Login Successfully"},"level":"info"}
{"date":"2019-06-04T13:00:16.040Z","api":"/gii","method":{"post":true},"body":{"ok":"ok"},"responce":{"hasError":false,"code":200,"data":{"token":""},"message":"Login Successfully"},"level":"info"}
{"date":"2019-06-04T13:00:30.976Z","api":"/gii","method":{"post":true},"body":{"ok":"ok"},"responce":{"hasError":false,"code":200,"data":{"token":""},"message":"Login Successfully"},"level":"info"}
{"date":"2019-06-04T13:00:53.678Z","api":"/gii","method":{"post":true},"body":{"ok":"ok"},"responce":{"hasError":false,"code":200,"data":{"token":""},"message":"Login Successfully"},"level":"info"}
{"date":"2019-06-04T13:00:58.352Z","api":"/gii","method":{"post":true},"body":{"ok":"ok"},"responce":{"hasError":false,"code":200,"data":{"token":""},"message":"Login Successfully"},"level":"info"}
{"date":"2019-06-04T13:01:07.585Z","api":"/gii","method":{"post":true},"body":{"ok":"ok"},"responce":{"hasError":false,"code":200,"data":{"token":""},"message":"Login Successfully"},"level":"info"}
{"date":"2019-06-04T13:02:04.664Z","api":"/gii","method":{"post":true},"body":{"ok":"ok"},"responce":{"hasError":false,"code":200,"data":{"token":""},"message":"Login Successfully"},"level":"info"}
{"date":"2019-06-04T13:02:36.712Z","api":"/gii","method":{"post":true},"body":{"ok":"ok"},"responce":{"hasError":false,"code":200,"data":{"token":""},"message":"Login Successfully"},"level":"info"}
{"date":"2019-06-04T13:02:59.544Z","api":"/gii","method":{"post":true},"body":{"ok":"ok"},"responce":{"hasError":false,"code":200,"data":{"token":""},"message":"Login Successfully"},"level":"info"}
{"date":"2019-06-04T13:03:15.249Z","api":"/gii","method":{"post":true},"body":{"ok":"ok"},"responce":{"hasError":false,"code":200,"data":{"token":""},"message":"Login Successfully"},"level":"info"}
{"date":"2019-06-04T13:03:25.076Z","api":"/gii","method":{"post":true},"body":{"ok":"ok"},"responce":{"hasError":false,"code":200,"data":{"token":""},"message":"Login Successfully"},"level":"info"}
{"date":"2019-06-04T13:03:36.456Z","api":"/gii","method":{"post":true},"body":{"ok":"ok"},"responce":{"hasError":false,"code":200,"data":{"token":""},"message":"Login Successfully"},"level":"info"}
{"date":"2019-06-04T13:03:58.776Z","api":"/gii","method":{"post":true},"body":{"ok":"ok"},"responce":{"hasError":false,"code":200,"data":{"token":""},"message":"Login Successfully"},"level":"info"}
{"date":"2019-06-04T13:04:11.264Z","api":"/gii","method":{"post":true},"body":{"ok":"ok"},"responce":{"hasError":false,"code":200,"data":{"token":""},"message":"Login Successfully"},"level":"info"}
{"date":"2019-06-04T13:04:12.841Z","api":"/gii","method":{"post":true},"body":{"ok":"ok"},"responce":{"hasError":false,"code":200,"data":{"token":""},"message":"Login Successfully"},"level":"info"}
{"date":"2019-06-04T13:04:37.320Z","api":"/gii","method":{"post":true},"body":{"ok":"ok"},"responce":{"hasError":false,"code":200,"data":{"token":""},"message":"Login Successfully"},"level":"info"}
{"date":"2019-06-04T13:04:39.930Z","api":"/gii","method":{"post":true},"body":{"ok":"ok"},"responce":{"hasError":false,"code":200,"data":{"token":""},"message":"Login Successfully"},"level":"info"}
{"date":"2019-06-04T13:04:58.866Z","api":"/gii","method":{"post":true},"body":{"ok":"ok"},"responce":{"hasError":false,"code":200,"data":{"token":""},"message":"Login Successfully"},"level":"info"}
{"date":"2019-06-04T13:05:29.089Z","api":"/gii","method":{"post":true},"body":{"ok":"ok"},"responce":{"hasError":false,"code":200,"data":{"token":""},"message":"Login Successfully"},"level":"info"}
{"date":"2019-06-04T13:06:13.078Z","api":"/gii","method":{"post":true},"body":{"ok":"ok"},"responce":{"hasError":false,"code":200,"data":{"token":""},"message":"Login Successfully"},"level":"info"}
{"date":"2019-06-04T13:06:27.684Z","api":"/gii","method":{"post":true},"body":{"ok":"ok"},"responce":{"hasError":false,"code":200,"data":{"token":""},"message":"Login Successfully"},"level":"info"}
{"date":"2019-06-04T13:07:05.225Z","api":"/gii","method":{"post":true},"body":{"ok":"ok"},"responce":{"hasError":false,"code":200,"data":{"token":""},"message":"Login Successfully"},"level":"info"}
{"date":"2019-06-04T14:04:57.500Z","api":"/gii","method":{"post":true},"body":{"ok":"ok"},"responce":{"hasError":false,"code":200,"data":{"token":""},"message":"Login Successfully"},"level":"info"}
{"date":"2019-06-06T07:30:52.850Z","api":"/gii/createFiles","method":{"post":true},"body":{"name":"string"},"responce":{"hasError":false,"code":200,"data":{"token":""},"message":"Login Successfully"},"level":"info"}
{"date":"2019-06-06T07:40:50.583Z","api":"/gii/createFiles","method":{"post":true},"body":{"name":"string"},"responce":{"hasError":false,"code":200,"data":{"token":""},"message":"Login Successfully"},"level":"info"}
{"date":"2019-06-06T07:40:57.708Z","api":"/gii/createFiles","method":{"post":true},"body":{"name":"string"},"responce":{"hasError":false,"code":200,"data":{"token":""},"message":"Login Successfully"},"level":"info"}
{"date":"2019-06-06T07:44:55.779Z","api":"/gii/createFiles","method":{"post":true},"body":{"name":"string"},"responce":{"hasError":false,"code":200,"data":{"token":""},"message":"Login Successfully"},"level":"info"}
{"date":"2019-06-06T09:57:47.967Z","api":"/gii/createFiles","method":{"post":true},"body":{"name":"string"},"responce":{"hasError":false,"code":200,"data":{"token":""},"message":"Login Successfully"},"level":"info"}
{"date":"2019-06-06T09:58:48.997Z","api":"/gii/createFiles","method":{"post":true},"body":{"name":"string"},"responce":{"hasError":false,"code":200,"data":{"token":""},"message":"Login Successfully"},"level":"info"}
{"date":"2019-06-06T09:59:18.624Z","api":"/gii/createFiles","method":{"post":true},"body":{"name":"string"},"responce":{"hasError":false,"code":200,"data":{"token":""},"message":"Login Successfully"},"level":"info"}
{"date":"2019-06-06T10:08:00.653Z","api":"/gii/createFiles","method":{"post":true},"body":{"name":"string"},"responce":{"hasError":false,"code":200,"data":{"token":""},"message":"Login Successfully"},"level":"info"}
{"date":"2019-06-06T10:08:26.215Z","api":"/gii/createFiles","method":{"post":true},"body":{"name":"string"},"responce":{"hasError":false,"code":200,"data":{"token":""},"message":"Login Successfully"},"level":"info"}
{"date":"2019-06-06T10:30:56.986Z","api":"/gii/createFiles","method":{"post":true},"body":{"name":"string"},"responce":{"hasError":false,"code":200,"data":{"token":""},"message":"Login Successfully"},"level":"info"}
{"date":"2019-06-06T10:31:54.897Z","api":"/gii/createFiles","method":{"post":true},"body":{"name":"string"},"responce":{"hasError":true,"code":400,"data":{"errno":-17,"code":"EEXIST","syscall":"mkdir","path":"/development/node/NodeJS/src/gii/upload"},"message":"EEXIST: file already exists, mkdir '/development/node/NodeJS/src/gii/upload'"},"level":"error","message":"error"}
{"date":"2019-06-06T11:17:38.386Z","api":"/gii/createFiles","method":{"post":true},"body":{"name":"string"},"responce":{"hasError":false,"code":200,"data":{"token":""},"message":"Login Successfully"},"level":"info"}
{"date":"2019-06-06T11:19:42.934Z","api":"/gii/createFiles","method":{"post":true},"body":{"name":"string"},"responce":{"hasError":false,"code":200,"data":{"token":""},"message":"Login Successfully"},"level":"info"}
{"date":"2019-06-06T11:22:14.193Z","api":"/gii/createFiles","method":{"post":true},"body":{"name":"string"},"responce":{"hasError":true,"code":400,"data":{"errno":-17,"code":"EEXIST","syscall":"mkdir","path":"/development/node/NodeJS/src/gii/upload1"},"message":"EEXIST: file already exists, mkdir '/development/node/NodeJS/src/gii/upload1'"},"level":"error","message":"error"}
{"date":"2019-06-06T11:22:27.378Z","api":"/gii/createFiles","method":{"post":true},"body":{"name":"string"},"responce":{"hasError":false,"code":200,"data":{"token":""},"message":"Login Successfully"},"level":"info"}
{"date":"2019-06-06T11:25:27.333Z","api":"/gii/createFiles","method":{"post":true},"body":{"name":"string"},"responce":{"hasError":false,"code":200,"data":{"token":""},"message":"Login Successfully"},"level":"info"}
{"date":"2019-06-06T11:26:58.492Z","api":"/gii/createFiles","method":{"post":true},"body":{"name":"string"},"responce":{"hasError":false,"code":200,"data":{"token":""},"message":"Login Successfully"},"level":"info"}
{"date":"2019-06-06T11:44:49.400Z","api":"/gii/createFiles","method":{"post":true},"body":{"name":"string"},"responce":{"hasError":false,"code":200,"data":{"token":""},"message":"Login Successfully"},"level":"info"}
{"date":"2019-06-06T11:45:25.710Z","api":"/gii/createFiles","method":{"post":true},"body":{"name":"string"},"responce":{"hasError":true,"code":400,"data":{"errno":-17,"code":"EEXIST","syscall":"mkdir","path":"/development/node/NodeJS/src/gii/upload1"},"message":"EEXIST: file already exists, mkdir '/development/node/NodeJS/src/gii/upload1'"},"level":"error","message":"error"}
{"date":"2019-06-06T13:17:33.032Z","api":"/gii/createFiles","method":{"post":true},"body":{"name":"string"},"responce":{"hasError":false,"code":200,"data":{"token":""},"message":"Login Successfully"},"level":"info"}
{"date":"2019-06-07T10:17:28.240Z","api":"/gii/createFiles","method":{"post":true},"body":{"name":"string"},"responce":{"hasError":true,"code":400,"data":{"errno":-2,"code":"ENOENT","syscall":"mkdir","path":"/development/node/NodeJS/src/gii../upload1"},"message":"ENOENT: no such file or directory, mkdir '/development/node/NodeJS/src/gii../upload1'"},"level":"error","message":"error"}
{"date":"2019-06-07T10:18:26.350Z","api":"/gii/createFiles","method":{"post":true},"body":{"name":"string"},"responce":{"hasError":true,"code":400,"data":{"errno":-2,"code":"ENOENT","syscall":"mkdir","path":"/development/node/NodeJS/src/gii.././upload1"},"message":"ENOENT: no such file or directory, mkdir '/development/node/NodeJS/src/gii.././upload1'"},"level":"error","message":"error"}
{"date":"2019-06-07T10:19:52.014Z","api":"/gii/createFiles","method":{"post":true},"body":{"name":"string"},"responce":{"hasError":false,"code":200,"data":{"token":""},"message":"Login Successfully"},"level":"info"}
{"date":"2019-06-07T10:21:16.646Z","api":"/gii/createFiles","method":{"post":true},"body":{"name":"string"},"responce":{"hasError":true,"code":400,"data":{"errno":-17,"code":"EEXIST","syscall":"mkdir","path":"/development/node/NodeJS/src/gii/../upload1"},"message":"EEXIST: file already exists, mkdir '/development/node/NodeJS/src/gii/../upload1'"},"level":"error","message":"error"}
{"date":"2019-06-07T10:23:06.777Z","api":"/gii/createFiles","method":{"post":true},"body":{"name":"string"},"responce":{"hasError":false,"code":200,"data":{"token":""},"message":"Login Successfully"},"level":"info"}
{"date":"2019-06-11T11:22:21.968Z","api":"/gii","method":{"post":true},"body":{"ok":"ok"},"responce":{"hasError":false,"code":200,"data":{"token":""},"message":"Login Successfully"},"level":"info"}
{"date":"2019-06-11T11:58:31.664Z","api":"/gii/createFiles","method":{"post":true},"body":{"name":"string"},"responce":{"hasError":false,"code":200,"data":{"token":""},"message":"Login Successfully"},"level":"info"}
{"date":"2019-06-11T12:07:38.157Z","api":"/gii/createFiles","method":{"post":true},"body":{"name":"string"},"responce":{"hasError":false,"code":200,"data":{"token":""},"message":"Login Successfully"},"level":"info"}
{"date":"2019-06-11T12:11:38.809Z","api":"/gii/createFiles","method":{"post":true},"body":{"name":"string"},"responce":{"hasError":false,"code":200,"data":{"token":""},"message":"Login Successfully"},"level":"info"}
{"date":"2019-06-11T12:12:20.499Z","api":"/gii/createFiles","method":{"post":true},"body":{"name":"string"},"responce":{"hasError":false,"code":200,"data":{"token":""},"message":"Login Successfully"},"level":"info"}
{"date":"2019-06-11T12:12:36.708Z","api":"/gii/createFiles","method":{"post":true},"body":{"name":"string"},"responce":{"hasError":false,"code":200,"data":{"token":""},"message":"Login Successfully"},"level":"info"}
{"date":"2019-06-11T12:13:09.886Z","api":"/gii/createFiles","method":{"post":true},"body":{"name":"string"},"responce":{"hasError":false,"code":200,"data":{"token":""},"message":"Login Successfully"},"level":"info"}
{"date":"2019-06-11T12:55:50.869Z","api":"/gii/createFiles","method":{"post":true},"body":{"name":"string"},"responce":{"hasError":false,"code":200,"data":{"token":""},"message":"Login Successfully"},"level":"info"}
{"date":"2019-06-11T13:33:17.770Z","api":"/gii/createFiles","method":{"post":true},"body":{"name":"string"},"responce":{"hasError":false,"code":200,"data":{"token":""},"message":"Login Successfully"},"level":"info"}
{"date":"2019-06-11T13:36:25.046Z","api":"/gii/createFiles","method":{"post":true},"body":{"name":"string"},"responce":{"hasError":false,"code":200,"data":{"token":""},"message":"Login Successfully"},"level":"info"}
{"date":"2019-06-12T09:39:31.839Z","api":"/gii/createFiles","method":{"post":true},"body":{"name":"string"},"responce":{"hasError":false,"code":200,"data":{"token":""},"message":"Login Successfully"},"level":"info"}
{"date":"2019-06-12T10:01:25.633Z","api":"/gii/createFiles","method":{"post":true},"body":{"name":"string"},"responce":{"hasError":false,"code":200,"data":{"token":""},"message":"Login Successfully"},"level":"info"}
{"date":"2019-06-12T11:54:19.646Z","api":"/gii/createFiles","method":{"post":true},"body":{"name":"string"},"responce":{"hasError":false,"code":200,"data":{"token":""},"message":"Login Successfully"},"level":"info"}
{"date":"2019-06-12T11:57:23.036Z","api":"/gii/createFiles","method":{"post":true},"body":{"name":"string"},"responce":{"hasError":false,"code":200,"data":{"token":""},"message":"Login Successfully"},"level":"info"}
{"date":"2019-06-12T11:59:56.774Z","api":"/gii/createFiles","method":{"post":true},"body":{"name":"string"},"responce":{"hasError":false,"code":200,"data":{"token":""},"message":"Login Successfully"},"level":"info"}
{"date":"2019-06-12T12:06:46.581Z","api":"/gii/createFiles","method":{"post":true},"body":{"name":"string"},"responce":{"hasError":false,"code":200,"data":{"token":""},"message":"Login Successfully"},"level":"info"}
{"date":"2019-06-12T12:08:01.108Z","api":"/gii/createFiles","method":{"post":true},"body":{"name":"string"},"responce":{"hasError":false,"code":200,"data":{"token":""},"message":"Login Successfully"},"level":"info"}
{"date":"2019-06-12T12:09:19.783Z","api":"/gii/createFiles","method":{"post":true},"body":{"name":"string"},"responce":{"hasError":false,"code":200,"data":{"token":""},"message":"Login Successfully"},"level":"info"}
{"date":"2019-06-12T12:19:34.504Z","api":"/gii/createFiles","method":{"post":true},"body":{"name":"string"},"responce":{"hasError":false,"code":200,"data":{"token":""},"message":"Login Successfully"},"level":"info"}
{"date":"2019-06-13T06:58:47.210Z","api":"/gii/createFiles","method":{"post":true},"body":{"name":"string"},"responce":{"hasError":false,"code":200,"data":{"token":""},"message":"Login Successfully"},"level":"info"}
{"date":"2019-06-13T07:26:54.188Z","api":"/gii/createFiles","method":{"post":true},"body":{"name":"string"},"responce":{"hasError":true,"code":400,"data":{"errno":-17,"code":"EEXIST","syscall":"mkdir","path":"/development/node/NodeJS/src/gii/../collection"},"message":"EEXIST: file already exists, mkdir '/development/node/NodeJS/src/gii/../collection'"},"level":"error","message":"error"}
{"date":"2019-06-13T07:27:04.763Z","api":"/gii/createFiles","method":{"post":true},"body":{"name":"string"},"responce":{"hasError":false,"code":200,"data":{"token":""},"message":"Login Successfully"},"level":"info"}
{"date":"2019-06-14T12:33:04.363Z","api":"/gii/createFiles","method":{"post":true},"body":{"name":"string"},"responce":{"hasError":false,"code":200,"data":{"token":""},"message":"Login Successfully"},"level":"info"}
{"date":"2019-06-14T12:34:22.108Z","api":"/gii/createFiles","method":{"post":true},"body":{"name":"string"},"responce":{"hasError":false,"code":200,"data":{"token":""},"message":"Login Successfully"},"level":"info"}
{"date":"2019-06-14T12:40:24.790Z","api":"/gii/createFiles","method":{"post":true},"body":{"name":"string"},"responce":{"hasError":false,"code":200,"data":{"token":""},"message":"Login Successfully"},"level":"info"}
{"date":"2019-06-14T13:10:38.748Z","api":"/gii/createFiles","method":{"post":true},"body":{"name":"string"},"responce":{"hasError":true,"code":400,"data":{"errno":-17,"code":"EEXIST","syscall":"mkdir","path":"/development/node/NodeJS/src/gii/../collection"},"message":"EEXIST: file already exists, mkdir '/development/node/NodeJS/src/gii/../collection'"},"level":"error","message":"error"}
{"date":"2019-06-14T13:11:10.244Z","api":"/gii/createFiles","method":{"post":true},"body":{"name":"string"},"responce":{"hasError":false,"code":200,"data":{"token":""},"message":"Login Successfully"},"level":"info"}
{"date":"2019-06-17T08:07:22.740Z","api":"/gii/createFiles","method":{"post":true},"body":{"name":"string"},"responce":{"hasError":true,"code":400,"data":{"errno":-17,"code":"EEXIST","syscall":"mkdir","path":"/development/node/NodeJS/src/gii/../collection"},"message":"EEXIST: file already exists, mkdir '/development/node/NodeJS/src/gii/../collection'"},"level":"error","message":"error"}
{"date":"2019-06-17T09:53:40.265Z","api":"/gii/createFiles","method":{"post":true},"body":{"name":"string"},"responce":{"hasError":true,"code":400,"data":{"errno":-17,"code":"EEXIST","syscall":"mkdir","path":"/development/node/NodeJS/src/gii/../collection"},"message":"EEXIST: file already exists, mkdir '/development/node/NodeJS/src/gii/../collection'"},"level":"error","message":"error"}
{"date":"2019-06-17T10:06:21.449Z","api":"/gii/createFiles","method":{"post":true},"body":{"name":"string"},"responce":{"hasError":true,"code":400,"data":{"errno":-17,"code":"EEXIST","syscall":"mkdir","path":"/development/node/NodeJS/src/gii/../collection"},"message":"EEXIST: file already exists, mkdir '/development/node/NodeJS/src/gii/../collection'"},"level":"error","message":"error"}
{"date":"2019-06-17T10:06:24.286Z","api":"/gii/createFiles","method":{"post":true},"body":{"name":"string"},"responce":{"hasError":true,"code":400,"data":{"errno":-17,"code":"EEXIST","syscall":"mkdir","path":"/development/node/NodeJS/src/gii/../collection"},"message":"EEXIST: file already exists, mkdir '/development/node/NodeJS/src/gii/../collection'"},"level":"error","message":"error"}
{"date":"2019-06-17T10:08:39.936Z","api":"/gii/createFiles","method":{"post":true},"body":{"name":"string"},"responce":{"hasError":true,"code":400,"data":{"errno":-17,"code":"EEXIST","syscall":"mkdir","path":"/development/node/NodeJS/src/gii/../collection"},"message":"EEXIST: file already exists, mkdir '/development/node/NodeJS/src/gii/../collection'"},"level":"error","message":"error"}
{"date":"2019-06-17T10:09:26.227Z","api":"/gii/createFiles","method":{"post":true},"body":{"name":"string"},"responce":{"hasError":false,"code":200,"data":{"token":""},"message":"Login Successfully"},"level":"info"}
{"date":"2019-06-17T11:13:36.740Z","api":"/gii/createFiles","method":{"post":true},"body":{"name":"string"},"responce":{"hasError":false,"code":200,"data":{"token":""},"message":"Login Successfully"},"level":"info"}
{"date":"2019-06-17T11:20:13.606Z","api":"/gii/createFiles","method":{"post":true},"body":{"name":"string"},"responce":{"hasError":false,"code":200,"data":{"token":""},"message":"Login Successfully"},"level":"info"}
{"date":"2019-06-17T11:31:37.634Z","api":"/gii/createFiles","method":{"post":true},"body":{"name":"string"},"responce":{"hasError":true,"code":400,"data":{"errno":-17,"code":"EEXIST","syscall":"mkdir","path":"/development/node/NodeJS/src/gii/../collection"},"message":"EEXIST: file already exists, mkdir '/development/node/NodeJS/src/gii/../collection'"},"level":"error","message":"error"}
{"date":"2019-06-17T11:31:48.961Z","api":"/gii/createFiles","method":{"post":true},"body":{"name":"string"},"responce":{"hasError":false,"code":200,"data":{"token":""},"message":"Login Successfully"},"level":"info"}
{"date":"2019-06-17T11:45:13.210Z","api":"/gii/createFiles","method":{"post":true},"body":{"name":"string"},"responce":{"hasError":false,"code":200,"data":{"token":""},"message":"Login Successfully"},"level":"info"}
{"date":"2019-06-17T11:45:14.883Z","api":"/gii/createFiles","method":{"post":true},"body":{"name":"string"},"responce":{"hasError":true,"code":400,"data":{"errno":-17,"code":"EEXIST","syscall":"mkdir","path":"/development/node/NodeJS/src/gii/../collection"},"message":"EEXIST: file already exists, mkdir '/development/node/NodeJS/src/gii/../collection'"},"level":"error","message":"error"}
{"date":"2019-06-17T11:46:31.141Z","api":"/gii/createFiles","method":{"post":true},"body":{"name":"string"},"responce":{"hasError":false,"code":200,"data":{"token":""},"message":"Login Successfully"},"level":"info"}
{"date":"2019-06-17T11:54:57.545Z","api":"/gii/createFiles","method":{"post":true},"body":{"name":"string"},"responce":{"hasError":false,"code":200,"data":{"token":""},"message":"Login Successfully"},"level":"info"}
{"date":"2019-06-17T11:57:31.287Z","api":"/gii/createFiles","method":{"post":true},"body":{"name":"string"},"responce":{"hasError":false,"code":200,"data":{"token":""},"message":"Login Successfully"},"level":"info"}
{"date":"2019-06-17T12:15:38.951Z","api":"/collection/create","method":{"post":true},"body":{"field":"string","field1":"string"},"responce":{"hasError":false,"code":200,"data":{"_id":"5d07846ab69b0356b5beee42","field":"string","field1":"string","__v":0},"message":"Created Successfully"},"level":"info"}
{"date":"2019-06-17T12:22:17.101Z","api":"/gii/createFiles","method":{"post":true},"body":{"name":"string"},"responce":{"hasError":false,"code":200,"data":{"token":""},"message":"Login Successfully"},"level":"info"}
{"date":"2019-06-17T12:26:36.288Z","api":"/gii/createFiles","method":{"post":true},"body":{"name":"string"},"responce":{"hasError":false,"code":200,"data":{"token":""},"message":"Login Successfully"},"level":"info"}
{"date":"2019-06-17T12:35:09.533Z","api":"/gii/createFiles","method":{"post":true},"body":{"name":"string"},"responce":{"hasError":false,"code":200,"data":{"token":""},"message":"Login Successfully"},"level":"info"}
{"date":"2019-06-17T12:36:36.986Z","api":"/gii/createFiles","method":{"post":true},"body":{"name":"string"},"responce":{"hasError":false,"code":200,"data":{"token":""},"message":"Login Successfully"},"level":"info"}
{"date":"2019-06-17T12:37:23.312Z","api":"/collection/create","method":{"post":true},"body":{"field":"string","field1":"string"},"responce":{"hasError":false,"code":200,"data":{"_id":"5d0789837625f65921004916","field":"string","field1":"string","__v":0},"message":"Created Successfully"},"level":"info"}
{"date":"2019-06-17T12:37:37.884Z","api":"/collection/update","method":{"post":true},"body":{"id":"5d0789837625f65921004916","field":"string","field1":"string1"},"responce":{"hasError":false,"code":200,"data":{"_id":"5d0789837625f65921004916","field":"string","field1":"string","__v":0},"message":"Created Successfully"},"level":"info"}
{"date":"2019-06-17T12:38:02.283Z","api":"/collection/update","method":{"post":true},"body":{"id":"5d0789837625f65921004916","field":"string","field1":"string1"},"responce":{"hasError":false,"code":200,"data":{"_id":"5d0789837625f65921004916","field":"string","field1":"string","__v":0},"message":"Created Successfully"},"level":"info"}
{"date":"2019-06-17T12:39:01.378Z","api":"/collection/create","method":{"post":true},"body":{"field":"string","field1":"string"},"responce":{"hasError":false,"code":200,"data":{"_id":"5d0789e57625f65921004917","field":"string","field1":"string","__v":0},"message":"Created Successfully"},"level":"info"}
{"date":"2019-06-17T12:39:23.778Z","api":"/gii/createFiles","method":{"post":true},"body":{"name":"string"},"responce":{"hasError":false,"code":200,"data":{"token":""},"message":"Login Successfully"},"level":"info"}
{"date":"2019-06-17T12:39:58.076Z","api":"/collection/create","method":{"post":true},"body":{"field":"string","field1":"string"},"responce":{"hasError":false,"code":200,"data":{"_id":"5d078a1dff16ce597f96e68e","field":"string","field1":"string","__v":0},"message":"Created Successfully"},"level":"info"}
{"date":"2019-06-17T12:40:14.787Z","api":"/collection/update","method":{"post":true},"body":{"id":"5d078a1dff16ce597f96e68e","field":"string","field1":"string1"},"responce":{"hasError":false,"code":200,"data":{"_id":"5d078a1dff16ce597f96e68e","field":"string","field1":"string1","__v":0},"message":"Updated Successfully"},"level":"info"}
{"date":"2019-06-17T12:42:24.014Z","api":"/gii/createFiles","method":{"post":true},"body":{"name":"string"},"responce":{"hasError":false,"code":200,"data":{"token":""},"message":"Login Successfully"},"level":"info"}
{"date":"2019-06-17T12:43:13.792Z","api":"/collection/create","method":{"post":true},"body":{"field":"string","field1":"string"},"responce":{"hasError":false,"code":200,"data":{"_id":"5d078ae1ae264359d8aa2c24","field":"string","field1":"string","__v":0},"message":"Created Successfully"},"level":"info"}
{"date":"2019-06-17T12:43:22.850Z","api":"/collection/view","method":{"post":true},"body":{"id":"5d078ae1ae264359d8aa2c24"},"responce":{"hasError":false,"code":200,"data":{"_id":"5d078ae1ae264359d8aa2c24","field":"string","field1":"string","__v":0},"message":"Updated Successfully"},"level":"info"}
{"date":"2019-06-17T12:54:06.980Z","api":"/gii/createFiles","method":{"post":true},"body":{"name":"string"},"responce":{"hasError":false,"code":200,"data":{"token":""},"message":"Login Successfully"},"level":"info"}
{"date":"2019-06-17T13:02:50.748Z","api":"/gii/createFiles","method":{"post":true},"body":{"name":"string"},"responce":{"hasError":false,"code":200,"data":{"token":""},"message":"Login Successfully"},"level":"info"}
{"date":"2019-06-17T13:12:48.458Z","api":"/collection/view","method":{"post":true},"body":{"id":"string"},"responce":{"hasError":true,"code":400,"data":{"message":"Cast to ObjectId failed for value \"string\" at path \"_id\" for model \"Collection\"","name":"CastError","stringValue":"\"string\"","kind":"ObjectId","value":"string","path":"_id"},"message":"Cast to ObjectId failed for value \"string\" at path \"_id\" for model \"Collection\""},"level":"error","message":"error"}
{"date":"2019-06-17T13:13:02.126Z","api":"/collection/list","method":{"post":true},"body":{"skip":0},"responce":{"hasError":false,"code":200,"data":[{"_id":"5d07846ab69b0356b5beee42","field":"string","field1":"string","__v":0},{"_id":"5d0789837625f65921004916","field":"string","field1":"string","__v":0},{"_id":"5d0789e57625f65921004917","field":"string","field1":"string","__v":0},{"_id":"5d078a1dff16ce597f96e68e","field":"string","field1":"string1","__v":0},{"_id":"5d078ae1ae264359d8aa2c24","field":"string","field1":"string","__v":0}],"message":"List Successfully"},"level":"info"}
{"date":"2019-06-17T13:16:56.199Z","api":"/collection/list","method":{"post":true},"body":{"skip":0},"responce":{"hasError":false,"code":200,"data":[{"_id":"5d0789837625f65921004916","field":"string","field1":"string","__v":0}],"message":"List Successfully"},"level":"info"}
{"date":"2019-06-17T13:26:23.527Z","api":"/collection/list","method":{"post":true},"body":{"skip":0},"responce":{"hasError":false,"code":200,"data":[{"_id":"5d0789837625f65921004916","field":"string","field1":"string","__v":0}],"message":"List Successfully"},"level":"info"}
{"date":"2019-06-17T13:26:27.041Z","api":"/collection/list","method":{"post":true},"body":{"skip":0},"responce":{"hasError":false,"code":200,"data":[{"_id":"5d0789837625f65921004916","field":"string","field1":"string","__v":0}],"message":"List Successfully"},"level":"info"}
{"date":"2019-06-17T13:27:52.909Z","api":"/collection/list","method":{"post":true},"body":{"skip":0},"responce":{"hasError":false,"code":200,"data":[{"_id":"5d0789837625f65921004916","field":"string","field1":"string","__v":0}],"message":"List Successfully"},"level":"info"}
{"date":"2019-06-17T13:30:12.173Z","api":"/gii/createFiles","method":{"post":true},"body":{"name":"string"},"responce":{"hasError":false,"code":200,"data":{"token":""},"message":"Login Successfully"},"level":"info"}
{"date":"2019-06-17T13:37:47.313Z","api":"/gii/createFiles","method":{"post":true},"body":{"name":"string"},"responce":{"hasError":false,"code":200,"data":{"token":""},"message":"Login Successfully"},"level":"info"}
{"date":"2019-06-17T13:39:38.604Z","api":"/collection/list","method":{"post":true},"body":{"skip":0,"limit":0},"responce":{"hasError":false,"code":200,"data":[{"_id":"5d07846ab69b0356b5beee42","field":"string","field1":"string","__v":0},{"_id":"5d0789837625f65921004916","field":"string","field1":"string","__v":0},{"_id":"5d0789e57625f65921004917","field":"string","field1":"string","__v":0},{"_id":"5d078a1dff16ce597f96e68e","field":"string","field1":"string1","__v":0},{"_id":"5d078ae1ae264359d8aa2c24","field":"string","field1":"string","__v":0}],"message":"List Successfully"},"level":"info"}
{"date":"2019-06-17T13:39:47.952Z","api":"/collection/list","method":{"post":true},"body":{"skip":0,"limit":1},"responce":{"hasError":false,"code":200,"data":[{"_id":"5d07846ab69b0356b5beee42","field":"string","field1":"string","__v":0}],"message":"List Successfully"},"level":"info"}
{"date":"2019-06-17T13:55:31.851Z","api":"/gii/createFiles","method":{"post":true},"body":{"name":"string"},"responce":{"hasError":false,"code":200,"data":{"token":""},"message":"Login Successfully"},"level":"info"}
{"date":"2019-06-17T13:56:52.347Z","api":"/users/view","method":{"get":true},"body":{},"responce":{"hasError":true,"code":400,"data":{"name":"JsonWebTokenError","message":"jwt must be provided"},"message":"jwt must be provided"},"level":"error","message":"error"}
{"date":"2019-06-17T13:58:33.133Z","api":"/gii/createFiles","method":{"post":true},"body":{"name":"string"},"responce":{"hasError":false,"code":200,"data":{"token":""},"message":"Login Successfully"},"level":"info"}
{"date":"2019-06-17T13:59:21.301Z","api":"/collection/list","method":{"get":true},"body":{},"responce":{"hasError":false,"code":200,"data":[{"_id":"5d07846ab69b0356b5beee42","field":"string","field1":"string","__v":0},{"_id":"5d0789837625f65921004916","field":"string","field1":"string","__v":0},{"_id":"5d0789e57625f65921004917","field":"string","field1":"string","__v":0},{"_id":"5d078a1dff16ce597f96e68e","field":"string","field1":"string1","__v":0},{"_id":"5d078ae1ae264359d8aa2c24","field":"string","field1":"string","__v":0}],"message":"List Successfully"},"level":"info"}
{"date":"2019-06-17T13:59:31.799Z","api":"/collection/list","method":{"get":true},"body":{},"responce":{"hasError":false,"code":200,"data":[{"_id":"5d07846ab69b0356b5beee42","field":"string","field1":"string","__v":0},{"_id":"5d0789837625f65921004916","field":"string","field1":"string","__v":0},{"_id":"5d0789e57625f65921004917","field":"string","field1":"string","__v":0},{"_id":"5d078a1dff16ce597f96e68e","field":"string","field1":"string1","__v":0},{"_id":"5d078ae1ae264359d8aa2c24","field":"string","field1":"string","__v":0}],"message":"List Successfully"},"level":"info"}
{"date":"2019-06-17T14:07:06.377Z","api":"/collection/create","method":{"post":true},"body":{"field":"string","field1":"string"},"responce":{"hasError":false,"code":200,"data":{"_id":"5d079e8afec5287cf5a60987","field":"string","field1":"string","__v":0},"message":"Created Successfully"},"level":"info"}
{"date":"2019-06-17T14:07:16.895Z","api":"/collection/view","method":{"get":true},"body":{},"responce":{"hasError":false,"code":200,"data":null,"message":"List Successfully"},"level":"info"}
{"date":"2019-06-19T07:27:41.310Z","api":"/collection/create","method":{"post":true},"body":{"field":"string","field1":"string"},"responce":{"hasError":false,"code":200,"data":{"_id":"5d09e3edfec5287cf5a60988","field":"string","field1":"string","__v":0},"message":"Created Successfully"},"level":"info"}
{"date":"2019-06-19T07:27:56.249Z","api":"/collection/view","method":{"get":true},"body":{},"responce":{"hasError":false,"code":200,"data":null,"message":"List Successfully"},"level":"info"}
{"date":"2019-06-19T07:29:41.574Z","api":"/collection/create","method":{"post":true},"body":{"field":"string","field1":"string"},"responce":{"hasError":false,"code":200,"data":{"_id":"5d09e4657d0fde621b15cb1f","field":"string","field1":"string","__v":0},"message":"Created Successfully"},"level":"info"}
{"date":"2019-06-19T07:29:54.440Z","api":"/collection/view","method":{"get":true},"body":{},"responce":{"hasError":false,"code":200,"data":null,"message":"List Successfully"},"level":"info"}
{"date":"2019-06-19T07:30:08.003Z","api":"/collection/view","method":{"get":true},"body":{},"responce":{"hasError":false,"code":200,"data":null,"message":"List Successfully"},"level":"info"}
{"date":"2019-06-19T07:30:23.094Z","api":"/collection/view","method":{"get":true},"body":{},"responce":{"hasError":false,"code":200,"data":null,"message":"List Successfully"},"level":"info"}
{"date":"2019-06-19T07:30:46.583Z","api":"/collection/view","method":{"get":true},"body":{},"responce":{"hasError":false,"code":200,"data":null,"message":"List Successfully"},"level":"info"}
{"date":"2019-06-19T07:33:07.756Z","api":"/gii/createFiles","method":{"post":true},"body":{"name":"string"},"responce":{"hasError":false,"code":200,"data":{"token":""},"message":"Login Successfully"},"level":"info"}
{"date":"2019-06-19T07:33:44.831Z","api":"/collection/view/:id","method":{"get":true},"body":{},"responce":{"hasError":false,"code":200,"data":{"_id":"5d09e4657d0fde621b15cb1f","field":"string","field1":"string","__v":0},"message":"List Successfully"},"level":"info"}
{"date":"2019-06-19T07:34:59.955Z","api":"/gii/createFiles","method":{"post":true},"body":{"name":"string"},"responce":{"hasError":false,"code":200,"data":{"token":""},"message":"Login Successfully"},"level":"info"}
{"date":"2019-06-19T07:35:23.361Z","api":"/collection/list/:skip/:limit","method":{"get":true},"body":{},"responce":{"hasError":true,"code":400,"data":{"ok":0,"errmsg":"Failed to parse: { find: \"collections\", filter: {}, projection: {}, skip: \"0\", limit: \"10\", returnKey: false, showRecordId: false, $db: \"stopgap_dev\" }. 'skip' field must be numeric.","code":9,"codeName":"FailedToParse","name":"MongoError"},"message":"Failed to parse: { find: \"collections\", filter: {}, projection: {}, skip: \"0\", limit: \"10\", returnKey: false, showRecordId: false, $db: \"stopgap_dev\" }. 'skip' field must be numeric."},"level":"error","message":"error"}
{"date":"2019-06-19T07:39:45.614Z","api":"/gii/createFiles","method":{"post":true},"body":{"name":"string"},"responce":{"hasError":false,"code":200,"data":{"token":""},"message":"Login Successfully"},"level":"info"}
{"date":"2019-06-19T07:39:52.138Z","api":"/collection/list/:skip/:limit","method":{"get":true},"body":{},"responce":{"hasError":true,"code":400,"data":{"ok":0,"errmsg":"Failed to parse: { find: \"collections\", filter: {}, projection: {}, skip: \"0\", limit: \"10\", returnKey: false, showRecordId: false, $db: \"stopgap_dev\" }. 'skip' field must be numeric.","code":9,"codeName":"FailedToParse","name":"MongoError"},"message":"Failed to parse: { find: \"collections\", filter: {}, projection: {}, skip: \"0\", limit: \"10\", returnKey: false, showRecordId: false, $db: \"stopgap_dev\" }. 'skip' field must be numeric."},"level":"error","message":"error"}
{"date":"2019-06-20T07:10:38.379Z","api":"/collection/list/:skip/:limit","method":{"get":true},"body":{},"responce":{"hasError":false,"code":200,"data":[{"_id":"5d0789837625f65921004916","field":"string","field1":"string","__v":0}],"message":"List Successfully"},"level":"info"}
{"date":"2019-06-20T07:19:09.773Z","api":"/collection/list/:skip/:limit","method":{"get":true},"body":{},"responce":{"hasError":true,"code":400,"data":{"ok":0,"errmsg":"Failed to parse: { find: \"collections\", filter: {}, projection: {}, skip: \"10\", limit: \"10\", returnKey: false, showRecordId: false, $db: \"stopgap_dev\" }. 'skip' field must be numeric.","code":9,"codeName":"FailedToParse","name":"MongoError"},"message":"Failed to parse: { find: \"collections\", filter: {}, projection: {}, skip: \"10\", limit: \"10\", returnKey: false, showRecordId: false, $db: \"stopgap_dev\" }. 'skip' field must be numeric."},"level":"error","message":"error"}
{"date":"2019-06-20T07:30:10.172Z","api":"/collection/list/:skip/:limit","method":{"get":true},"body":{},"responce":{"hasError":false,"code":200,"data":[{"_id":"5d07846ab69b0356b5beee42","field":"string","field1":"string","__v":0},{"_id":"5d0789837625f65921004916","field":"string","field1":"string","__v":0},{"_id":"5d0789e57625f65921004917","field":"string","field1":"string","__v":0},{"_id":"5d078a1dff16ce597f96e68e","field":"string","field1":"string1","__v":0},{"_id":"5d078ae1ae264359d8aa2c24","field":"string","field1":"string","__v":0},{"_id":"5d079e8afec5287cf5a60987","field":"string","field1":"string","__v":0},{"_id":"5d09e3edfec5287cf5a60988","field":"string","field1":"string","__v":0},{"_id":"5d09e4657d0fde621b15cb1f","field":"string","field1":"string","__v":0}],"message":"List Successfully"},"level":"info"}
{"date":"2019-06-20T07:30:13.839Z","api":"/collection/list/:skip/:limit","method":{"get":true},"body":{},"responce":{"hasError":false,"code":200,"data":[{"_id":"5d07846ab69b0356b5beee42","field":"string","field1":"string","__v":0}],"message":"List Successfully"},"level":"info"}
{"date":"2019-06-20T09:26:36.538Z","api":"/gii/createFiles","method":{"post":true},"body":{"name":"string"},"responce":{"hasError":false,"code":200,"data":{"token":""},"message":"Login Successfully"},"level":"info"}
{"date":"2019-06-20T09:27:15.543Z","api":"/gii","method":{"post":true},"body":{"ok":"ok"},"responce":{"hasError":false,"code":200,"data":{"token":""},"message":"Login Successfully"},"level":"info"}
{"date":"2019-06-20T09:27:17.507Z","api":"/gii","method":{"post":true},"body":{"ok":"ok"},"responce":{"hasError":false,"code":200,"data":{"token":""},"message":"Login Successfully"},"level":"info"}
{"date":"2019-06-20T09:27:17.707Z","api":"/gii","method":{"post":true},"body":{"ok":"ok"},"responce":{"hasError":false,"code":200,"data":{"token":""},"message":"Login Successfully"},"level":"info"}
{"date":"2019-06-20T09:27:18.464Z","api":"/gii","method":{"post":true},"body":{"ok":"ok"},"responce":{"hasError":false,"code":200,"data":{"token":""},"message":"Login Successfully"},"level":"info"}
{"date":"2019-06-20T09:33:04.287Z","api":"/gii","method":{"post":true},"body":{"ok":"ok"},"responce":{"hasError":false,"code":200,"data":{"token":""},"message":"Login Successfully"},"level":"info"}
{"date":"2019-06-20T09:33:23.673Z","api":"/gii","method":{"post":true},"body":{"ok":"ok"},"responce":{"hasError":false,"code":200,"data":{"token":""},"message":"Login Successfully"},"level":"info"}
{"date":"2019-06-20T09:33:25.460Z","api":"/gii","method":{"post":true},"body":{"ok":"ok"},"responce":{"hasError":false,"code":200,"data":{"token":""},"message":"Login Successfully"},"level":"info"}
{"date":"2019-06-20T09:33:25.620Z","api":"/gii","method":{"post":true},"body":{"ok":"ok"},"responce":{"hasError":false,"code":200,"data":{"token":""},"message":"Login Successfully"},"level":"info"}
{"date":"2019-06-20T09:33:25.931Z","api":"/gii","method":{"post":true},"body":{"ok":"ok"},"responce":{"hasError":false,"code":200,"data":{"token":""},"message":"Login Successfully"},"level":"info"}
{"date":"2019-06-20T09:33:26.159Z","api":"/gii","method":{"post":true},"body":{"ok":"ok"},"responce":{"hasError":false,"code":200,"data":{"token":""},"message":"Login Successfully"},"level":"info"}
{"date":"2019-06-20T09:33:34.293Z","api":"/gii","method":{"post":true},"body":{"ok":"ok"},"responce":{"hasError":false,"code":200,"data":{"token":""},"message":"Login Successfully"},"level":"info"}
{"date":"2019-06-20T09:35:44.439Z","api":"/gii","method":{"post":true},"body":{"ok":"ok"},"responce":{"hasError":false,"code":200,"data":{"token":""},"message":"Login Successfully"},"level":"info"}
{"date":"2019-06-20T09:36:07.516Z","api":"/gii","method":{"post":true},"body":{"ok":"ok"},"responce":{"hasError":false,"code":200,"data":{"token":""},"message":"Login Successfully"},"level":"info"}
{"date":"2019-06-20T09:36:26.437Z","api":"/gii","method":{"post":true},"body":{"ok":"ok"},"responce":{"hasError":false,"code":200,"data":{"token":""},"message":"Login Successfully"},"level":"info"}
{"date":"2019-06-20T09:36:28.399Z","api":"/gii","method":{"post":true},"body":{"ok":"ok"},"responce":{"hasError":false,"code":200,"data":{"token":""},"message":"Login Successfully"},"level":"info"}
{"date":"2019-06-20T09:38:22.953Z","api":"/gii","method":{"post":true},"body":{"ok":"ok"},"responce":{"hasError":false,"code":200,"data":{"token":""},"message":"Login Successfully"},"level":"info"}
{"date":"2019-06-20T09:38:23.698Z","api":"/gii","method":{"post":true},"body":{"ok":"ok"},"responce":{"hasError":false,"code":200,"data":{"token":""},"message":"Login Successfully"},"level":"info"}
{"date":"2019-06-20T09:38:23.902Z","api":"/gii","method":{"post":true},"body":{"ok":"ok"},"responce":{"hasError":false,"code":200,"data":{"token":""},"message":"Login Successfully"},"level":"info"}
{"date":"2019-06-20T09:38:24.108Z","api":"/gii","method":{"post":true},"body":{"ok":"ok"},"responce":{"hasError":false,"code":200,"data":{"token":""},"message":"Login Successfully"},"level":"info"}
{"date":"2019-06-20T09:38:27.294Z","api":"/gii","method":{"post":true},"body":{"ok":"ok"},"responce":{"hasError":false,"code":200,"data":{"token":""},"message":"Login Successfully"},"level":"info"}
{"date":"2019-06-20T09:38:35.808Z","api":"/gii","method":{"post":true},"body":{"ok":"ok"},"responce":{"hasError":false,"code":200,"data":{"token":""},"message":"Login Successfully"},"level":"info"}
{"date":"2019-06-20T09:38:36.590Z","api":"/gii","method":{"post":true},"body":{"ok":"ok"},"responce":{"hasError":false,"code":200,"data":{"token":""},"message":"Login Successfully"},"level":"info"}
{"date":"2019-06-20T09:38:36.860Z","api":"/gii","method":{"post":true},"body":{"ok":"ok"},"responce":{"hasError":false,"code":200,"data":{"token":""},"message":"Login Successfully"},"level":"info"}
{"date":"2019-06-20T09:49:34.841Z","api":"/gii/createFiles","method":{"post":true},"body":{"name":"string"},"responce":{"hasError":false,"code":200,"data":{"token":""},"message":"Login Successfully"},"level":"info"}
{"date":"2019-06-20T10:10:53.750Z","api":"/gii","method":{"post":true},"body":{"ok":"ok"},"responce":{"hasError":false,"code":200,"data":{"token":""},"message":"Login Successfully"},"level":"info"}
{"date":"2019-06-20T10:11:10.834Z","api":"/gii/createFiles","method":{"post":true},"body":{"name":"sample"},"responce":{"hasError":false,"code":200,"data":{"token":""},"message":"Login Successfully"},"level":"info"}
{"date":"2019-06-20T10:22:46.453Z","api":"/gii","method":{"post":true},"body":{"ok":"ok"},"responce":{"hasError":false,"code":200,"data":{"token":""},"message":"Login Successfully"},"level":"info"}
{"date":"2019-06-20T10:30:25.278Z","api":"/gii","method":{"post":true},"body":{"ok":"ok"},"responce":{"hasError":false,"code":200,"data":{"token":""},"message":"Login Successfully"},"level":"info"}
{"date":"2019-06-20T10:30:28.252Z","api":"/gii","method":{"post":true},"body":{"ok":"ok"},"responce":{"hasError":false,"code":200,"data":{"token":""},"message":"Login Successfully"},"level":"info"}
{"date":"2019-06-20T10:31:32.010Z","api":"/gii","method":{"post":true},"body":{"ok":"ok"},"responce":{"hasError":false,"code":200,"data":{"token":""},"message":"Login Successfully"},"level":"info"}
{"date":"2019-06-20T10:31:37.344Z","api":"/gii","method":{"post":true},"body":{"ok":"ok"},"responce":{"hasError":false,"code":200,"data":{"token":""},"message":"Login Successfully"},"level":"info"}
{"date":"2019-06-20T10:31:39.007Z","api":"/gii","method":{"post":true},"body":{"ok":"ok"},"responce":{"hasError":false,"code":200,"data":{"token":""},"message":"Login Successfully"},"level":"info"}
{"date":"2019-06-20T10:31:42.038Z","api":"/gii","method":{"post":true},"body":{"ok":"ok"},"responce":{"hasError":false,"code":200,"data":{"token":""},"message":"Login Successfully"},"level":"info"}
{"date":"2019-06-20T10:32:43.449Z","api":"/gii","method":{"post":true},"body":{"ok":"ok"},"responce":{"hasError":false,"code":200,"data":{"token":""},"message":"Login Successfully"},"level":"info"}
{"date":"2019-06-20T10:32:45.182Z","api":"/gii","method":{"post":true},"body":{"ok":"ok"},"responce":{"hasError":false,"code":200,"data":{"token":""},"message":"Login Successfully"},"level":"info"}
{"date":"2019-06-20T10:33:15.727Z","api":"/gii","method":{"post":true},"body":{"ok":"ok"},"responce":{"hasError":false,"code":200,"data":{"token":""},"message":"Login Successfully"},"level":"info"}
{"date":"2019-06-20T10:34:14.076Z","api":"/gii","method":{"post":true},"body":{"ok":"ok"},"responce":{"hasError":false,"code":200,"data":{"token":""},"message":"Login Successfully"},"level":"info"}
{"date":"2019-06-20T11:17:22.937Z","api":"/gii","method":{"post":true},"body":{"ok":"ok"},"responce":{"hasError":false,"code":200,"data":{"token":""},"message":"Login Successfully"},"level":"info"}
{"date":"2019-06-20T11:17:34.927Z","api":"/gii","method":{"post":true},"body":{"ok":"ok"},"responce":{"hasError":false,"code":200,"data":{"token":""},"message":"Login Successfully"},"level":"info"}
{"date":"2019-06-20T11:17:35.598Z","api":"/gii","method":{"post":true},"body":{"ok":"ok"},"responce":{"hasError":false,"code":200,"data":{"token":""},"message":"Login Successfully"},"level":"info"}
{"date":"2019-06-20T11:17:43.620Z","api":"/gii","method":{"post":true},"body":{"ok":"ok"},"responce":{"hasError":false,"code":200,"data":{"token":""},"message":"Login Successfully"},"level":"info"}
{"date":"2019-06-20T11:19:12.182Z","api":"/gii","method":{"post":true},"body":{"ok":"ok"},"responce":{"hasError":false,"code":200,"data":{"token":""},"message":"Login Successfully"},"level":"info"}
{"date":"2019-06-20T11:20:49.791Z","api":"/gii","method":{"post":true},"body":{"ok":"ok"},"responce":{"hasError":false,"code":200,"data":{"token":""},"message":"Login Successfully"},"level":"info"}
{"date":"2019-06-20T11:21:05.867Z","api":"/gii","method":{"post":true},"body":{"ok":"ok"},"responce":{"hasError":false,"code":200,"data":{"token":""},"message":"Login Successfully"},"level":"info"}
{"date":"2019-06-20T11:27:16.861Z","api":"/gii","method":{"post":true},"body":{"ok":"ok"},"responce":{"hasError":false,"code":200,"data":{"token":""},"message":"Login Successfully"},"level":"info"}
{"date":"2019-06-20T11:27:38.364Z","api":"/gii","method":{"post":true},"body":{"ok":"ok"},"responce":{"hasError":false,"code":200,"data":{"token":""},"message":"Login Successfully"},"level":"info"}
{"date":"2019-06-20T11:27:51.033Z","api":"/gii","method":{"post":true},"body":{"ok":"ok"},"responce":{"hasError":false,"code":200,"data":{"token":""},"message":"Login Successfully"},"level":"info"}
{"date":"2019-06-20T11:27:54.294Z","api":"/gii","method":{"post":true},"body":{"ok":"ok"},"responce":{"hasError":false,"code":200,"data":{"token":""},"message":"Login Successfully"},"level":"info"}
{"date":"2019-06-20T11:27:58.245Z","api":"/gii","method":{"post":true},"body":{"ok":"ok"},"responce":{"hasError":false,"code":200,"data":{"token":""},"message":"Login Successfully"},"level":"info"}
{"date":"2019-06-20T11:27:59.903Z","api":"/gii","method":{"post":true},"body":{"ok":"ok"},"responce":{"hasError":false,"code":200,"data":{"token":""},"message":"Login Successfully"},"level":"info"}
{"date":"2019-06-20T11:28:17.996Z","api":"/gii","method":{"post":true},"body":{"ok":"ok"},"responce":{"hasError":false,"code":200,"data":{"token":""},"message":"Login Successfully"},"level":"info"}
{"date":"2019-06-20T11:28:19.239Z","api":"/gii","method":{"post":true},"body":{"ok":"ok"},"responce":{"hasError":false,"code":200,"data":{"token":""},"message":"Login Successfully"},"level":"info"}
{"date":"2019-06-20T11:51:47.556Z","api":"/gii","method":{"post":true},"body":{"ok":"ok"},"responce":{"hasError":false,"code":200,"data":{"token":""},"message":"Login Successfully"},"level":"info"}
{"date":"2019-06-20T11:52:00.954Z","api":"/gii","method":{"post":true},"body":{"ok":"ok"},"responce":{"hasError":false,"code":200,"data":{"token":""},"message":"Login Successfully"},"level":"info"}
{"date":"2019-06-20T11:54:57.117Z","api":"/gii","method":{"post":true},"body":{"ok":"ok"},"responce":{"hasError":false,"code":200,"data":{"token":""},"message":"Login Successfully"},"level":"info"}
{"date":"2019-06-20T11:55:13.060Z","api":"/gii","method":{"post":true},"body":{"ok":"ok"},"responce":{"hasError":false,"code":200,"data":{"token":""},"message":"Login Successfully"},"level":"info"}
{"date":"2019-06-20T12:01:16.562Z","api":"/gii","method":{"post":true},"body":{"ok":"ok"},"responce":{"hasError":false,"code":200,"data":{"token":""},"message":"Login Successfully"},"level":"info"}
{"date":"2019-06-20T12:01:39.204Z","api":"/gii","method":{"post":true},"body":{"ok":"ok"},"responce":{"hasError":false,"code":200,"data":{"token":""},"message":"Login Successfully"},"level":"info"}
{"date":"2019-06-20T12:42:00.615Z","api":"/gii","method":{"post":true},"body":{"ok":"ok"},"responce":{"hasError":false,"code":200,"data":{"token":""},"message":"Login Successfully"},"level":"info"}
{"date":"2019-06-20T12:56:58.453Z","api":"/gii","method":{"post":true},"body":{"ok":"ok"},"responce":{"hasError":false,"code":200,"data":{"token":""},"message":"Login Successfully"},"level":"info"}
{"date":"2019-06-20T12:57:31.793Z","api":"/gii","method":{"post":true},"body":{"ok":"ok"},"responce":{"hasError":false,"code":200,"data":{"token":""},"message":"Login Successfully"},"level":"info"}
{"date":"2019-06-20T12:57:32.197Z","api":"/gii","method":{"post":true},"body":{"ok":"ok"},"responce":{"hasError":false,"code":200,"data":{"token":""},"message":"Login Successfully"},"level":"info"}
{"date":"2019-06-20T13:02:05.260Z","api":"/gii/createFiles","method":{"post":true},"body":{"name":"dfgsdfgsdfg","field_name":["dfgdsf","gdsfgdsfg","dfg","dfg","dfgsdfg"],"field_type":["Integer","Integer","Integer","Integer","Mixed"],"field_required":["true","true","true","true","true"]},"responce":{"hasError":false,"code":200,"data":{"token":""},"message":"Login Successfully"},"level":"info"}
{"date":"2019-06-20T13:04:05.903Z","api":"/gii/createFiles","method":{"post":true},"body":{"name":"dfgsdfgsdfg1","field_name":["dfgdsf","gdsfgdsfg","dfg","dfg","dfgsdfg"],"field_type":["Integer","Integer","Integer","Integer","Mixed"],"field_required":["true","true","true","true","true"]},"responce":{"hasError":false,"code":200,"data":{"token":""},"message":"Login Successfully"},"level":"info"}
{"date":"2019-06-20T13:05:40.609Z","api":"/gii/createFiles","method":{"post":true},"body":{"name":"dfgsdfgsdfg12","field_name":["dfgdsf","gdsfgdsfg","dfg","dfg","dfgsdfg"],"field_type":["Integer","Integer","Integer","Integer","Mixed"],"field_required":["true","true","true","false","true"]},"responce":{"hasError":false,"code":200,"data":{"token":""},"message":"Login Successfully"},"level":"info"}
{"date":"2019-06-20T13:27:54.100Z","api":"/gii","method":{"post":true},"body":{"ok":"ok"},"responce":{"hasError":false,"code":200,"data":{"token":""},"message":"Login Successfully"},"level":"info"}
{"date":"2019-06-20T13:28:24.920Z","api":"/gii/createFiles","method":{"post":true},"body":{"name":"qwer","field_name":["ab","cd"],"field_type":["String","Integer"],"field_required":["true","true"]},"responce":{"hasError":false,"code":200,"data":{"token":""},"message":"Login Successfully"},"level":"info"}
{"date":"2019-06-20T13:31:12.533Z","api":"/gii","method":{"post":true},"body":{"ok":"ok"},"responce":{"hasError":false,"code":200,"data":{"token":""},"message":"Login Successfully"},"level":"info"}
{"date":"2019-06-20T13:31:38.072Z","api":"/gii/createFiles","method":{"post":true},"body":{"name":"qwerty","field_name":["a","b"],"field_type":["String","Integer"],"field_required":["true","false"]},"responce":{"hasError":false,"code":200,"data":{"token":""},"message":"Login Successfully"},"level":"info"}
{"date":"2019-06-20T13:38:03.632Z","api":"/gii","method":{"post":true},"body":{"ok":"ok"},"responce":{"hasError":false,"code":200,"data":{"token":""},"message":"Login Successfully"},"level":"info"}
{"date":"2019-06-20T13:38:29.285Z","api":"/gii/createFiles","method":{"post":true},"body":{"name":"ok","field_name":["a","b"],"field_type":["String","Integer"],"field_required":["true","true"]},"responce":{"hasError":false,"code":200,"data":{"token":""},"message":"Login Successfully"},"level":"info"}
{"date":"2019-06-21T06:52:26.674Z","api":"/gii","method":{"post":true},"body":{"ok":"ok"},"responce":{"hasError":false,"code":200,"data":{"token":""},"message":"Login Successfully"},"level":"info"}
{"date":"2019-06-21T06:53:16.187Z","api":"/gii/createFiles","method":{"post":true},"body":{"name":"hi","field_name":["ok","ok1"],"field_type":["Date","Integer"],"field_required":["true","true"]},"responce":{"hasError":false,"code":200,"data":{"token":""},"message":"Login Successfully"},"level":"info"}
{"date":"2019-06-21T07:37:33.518Z","api":"/gii/createFiles","method":{"post":true},"body":{"name":"hi12","field_name":["ok","ok1","ok2","ok4"],"field_type":["Date","Integer","Date","Buffer"],"field_required":["true","true","true","true"]},"responce":{"hasError":false,"code":200,"data":{"token":""},"message":"Login Successfully"},"level":"info"}
{"date":"2019-06-21T07:39:26.703Z","api":"/gii/createFiles","method":{"post":true},"body":{"name":"hi123","field_name":["ok","ok1","ok2","ok4"],"field_type":["String","Integer","Integer","Integer"],"field_required":["true","true","true","true"]},"responce":{"hasError":false,"code":200,"data":{"token":""},"message":"Login Successfully"},"level":"info"}
{"date":"2019-06-21T07:39:56.965Z","api":"/gii/createFiles","method":{"post":true},"body":{"name":"hi123","field_name":["ok","ok1","ok2","ok4"],"field_type":["String","Integer","Integer","Integer"],"field_required":["true","true","true","true"]},"responce":{"hasError":true,"code":400,"data":{"errno":-17,"code":"EEXIST","syscall":"mkdir","path":"/development/node/NodeJS/src/gii/../hi123"},"message":"EEXIST: file already exists, mkdir '/development/node/NodeJS/src/gii/../hi123'"},"level":"error","message":"error"}
{"date":"2019-06-21T07:53:29.304Z","api":"/gii","method":{"post":true},"body":{"ok":"ok"},"responce":{"hasError":false,"code":200,"data":{"token":""},"message":"Login Successfully"},"level":"info"}
{"date":"2019-06-21T07:54:19.133Z","api":"/gii/createFiles","method":{"post":true},"body":{"name":"ok","field_name":["qwert","qwer"],"field_type":["Integer","String"],"field_required":["true","true"]},"responce":{"hasError":false,"code":200,"data":{"token":""},"message":"Login Successfully"},"level":"info"}
{"date":"2019-06-21T07:56:13.243Z","api":"/gii","method":{"post":true},"body":{"ok":"ok"},"responce":{"hasError":false,"code":200,"data":{"token":""},"message":"Login Successfully"},"level":"info"}
{"date":"2019-06-21T07:56:46.179Z","api":"/gii/createFiles","method":{"post":true},"body":{"name":"sample","field_name":["ok","ok1"],"field_type":["String","Integer"],"field_required":["true","true"]},"responce":{"hasError":true,"code":400,"data":{"errno":-17,"code":"EEXIST","syscall":"mkdir","path":"/development/node/NodeJS/src/gii/../sample"},"message":"EEXIST: file already exists, mkdir '/development/node/NodeJS/src/gii/../sample'"},"level":"error","message":"error"}
{"date":"2019-06-21T07:57:06.146Z","api":"/gii/createFiles","method":{"post":true},"body":{"name":"sample12","field_name":["ok","ok1"],"field_type":["String","Integer"],"field_required":["true","true"]},"responce":{"hasError":false,"code":200,"data":{"token":""},"message":"Login Successfully"},"level":"info"}
{"date":"2019-06-21T07:59:48.592Z","api":"/gii/createFiles","method":{"post":true},"body":{"name":"sample","field_name":["ok","ok1","ok3"],"field_type":["String","Integer","String"],"field_required":["true","true","true"]},"responce":{"hasError":false,"code":200,"data":{"token":""},"message":"Login Successfully"},"level":"info"}
{"date":"2019-06-21T09:56:48.435Z","api":"/gii","method":{"post":true},"body":{"ok":"ok"},"responce":{"hasError":false,"code":200,"data":{"token":""},"message":"Login Successfully"},"level":"info"}
{"date":"2019-06-21T09:57:43.085Z","api":"/gii/createFiles","method":{"post":true},"body":{"name":"sample","field_name":["sample1","sample2"],"field_type":["String","Integer"],"field_required":["true","false"]},"responce":{"hasError":false,"code":200,"data":{"token":""},"message":"Login Successfully"},"level":"info"}
{"date":"2019-06-21T10:09:27.245Z","api":"/gii","method":{"post":true},"body":{"ok":"ok"},"responce":{"hasError":false,"code":200,"data":{"token":""},"message":"Login Successfully"},"level":"info"}
{"date":"2019-06-21T10:10:11.497Z","api":"/gii/createFiles","method":{"post":true},"body":{"name":"sample","field_name":["sample1","sample2"],"field_type":["String","Number"],"field_required":["true","true"]},"responce":{"hasError":false,"code":200,"data":{"token":""},"message":"Login Successfully"},"level":"info"}
{"date":"2019-06-21T10:10:43.806Z","api":"/sample/create","method":{"post":true},"body":{"sample2":0,"sample1":"string"},"responce":{"hasError":false,"code":200,"data":{"_id":"5d0cad23cc58fb4016d122d7","sample2":0,"sample1":"string","__v":0},"message":"Created Successfully"},"level":"info"}
{"date":"2019-06-21T10:10:58.493Z","api":"/sample/update","method":{"post":true},"body":{"id":"5d0cad23cc58fb4016d122d7","sample2":1,"sample1":"string"},"responce":{"hasError":false,"code":200,"data":{"_id":"5d0cad23cc58fb4016d122d7","sample2":1,"sample1":"string","__v":0},"message":"Updated Successfully"},"level":"info"}
{"date":"2019-06-21T10:11:13.016Z","api":"/sample/view/:id","method":{"get":true},"body":{},"responce":{"hasError":false,"code":200,"data":{"_id":"5d0cad23cc58fb4016d122d7","sample2":1,"sample1":"string","__v":0},"message":"List Successfully"},"level":"info"}
{"date":"2019-06-21T10:11:26.988Z","api":"/sample/list/:skip/:limit","method":{"get":true},"body":{},"responce":{"hasError":false,"code":200,"data":[{"_id":"5d0cad23cc58fb4016d122d7","sample2":1,"sample1":"string","__v":0}],"message":"List Successfully"},"level":"info"}
{"date":"2019-06-21T10:11:48.959Z","api":"/sample/delete","method":{"delete":true},"body":{"id":"5d0cad23cc58fb4016d122d7"},"responce":{"hasError":false,"code":200,"data":"The user has been deleted","message":"List Successfully"},"level":"info"}
{"date":"2019-06-21T10:11:59.453Z","api":"/sample/list/:skip/:limit","method":{"get":true},"body":{},"responce":{"hasError":false,"code":200,"data":[],"message":"List Successfully"},"level":"info"}
{"date":"2019-09-04T07:43:40.778Z","api":"/gii","method":{"post":true},"body":{"ok":"ok"},"responce":{"hasError":false,"code":200,"data":{"token":""},"message":"Login Successfully"},"level":"info"}
{"date":"2019-09-04T07:45:54.306Z","api":"/gii/createFiles","method":{"post":true},"body":{"name":"cust","field_name":["name","mobile"],"field_type":["String","Number"],"field_required":["true","false"]},"responce":{"hasError":false,"code":200,"data":{"token":""},"message":"Login Successfully"},"level":"info"}
{"date":"2019-09-04T09:25:47.635Z","api":"/users/login","method":{"post":true},"body":{"email":"string","password":"string"},"responce":{"hasError":false,"code":200,"data":{"token":"eyJhbGciOiJIUzI1NiIsInR5cCI6IkpXVCJ9.eyJ1c2VyX2lkIjoiNWNkYmZlYWNkNzE2NDQ1ZTdmNzRmM2EzIiwiaWF0IjoxNTY3NTg5MTQ3fQ.1XhrSCcLt511GszAPDBliZVUCaO6a7Lkxf07gw4IUn4"},"message":"Login Successfully"},"level":"info"}
{"date":"2019-09-04T10:59:29.986Z","api":"/users/register","method":{"post":true},"body":{"email":"rvsuperadmin@yopmail.com","password":"Augusta@123","role":"super_admin","account_status":"active","first_name":"Super","last_name":"Admin","address":"","country":"","state":"","city":"","zip":"","created_date_time":"2019-09-04T10:59:29.686Z"},"responce":{"hasError":true,"code":400,"data":{"driver":true,"name":"MongoError","index":0,"code":11000,"errmsg":"E11000 duplicate key error collection: stopgap_dev.users index: email_1 dup key: { : \"rvsuperadmin@yopmail.com\" }"},"message":"E11000 duplicate key error collection: stopgap_dev.users index: email_1 dup key: { : \"rvsuperadmin@yopmail.com\" }"},"level":"error","message":"error"}
{"date":"2019-09-04T11:43:49.023Z","api":"/users/register","method":{"post":true},"body":{"email":"rvsuperadmin@yopmail.com","password":"Admin@123","role":"super_admin","account_status":"active","first_name":"Super","last_name":"Admin","address":true,"country":"","state":"","city":"","zip":"","created_date_time":"2019-09-04T11:43:48.739Z"},"responce":{"hasError":false,"code":200,"data":{"token":"eyJhbGciOiJIUzI1NiIsInR5cCI6IkpXVCJ9.eyJ1c2VyX2lkIjoiNWQ2ZmEzNzQwMTA2ZmQwZjQ4ODk1MjZiIiwiaWF0IjoxNTY3NTk3NDI5fQ.AchBlalYfA4pSEdbCPsLohnlh8I0GBO3r0ys0au8l7Y"},"message":"Created Successfully"},"level":"info"}
{"date":"2019-09-04T12:33:46.067Z","api":"/users/register","method":{"post":true},"body":{"email":"rvsuperadmin@yopmail.com","role":"super_admin","account_status":"active","first_name":"Super","last_name":"Admin","address":true,"country":"","state":"","city":"","zip":"","created_date_time":"2019-09-04T12:33:45.779Z"},"responce":{"hasError":false,"code":200,"data":{"token":"eyJhbGciOiJIUzI1NiIsInR5cCI6IkpXVCJ9.eyJ1c2VyX2lkIjoiNWQ2ZmFmMjk5OWIzYzUxNjE0NTFmZDJhIiwiaWF0IjoxNTY3NjAwNDI2fQ.EtAXuf-0hHr1-329QfofO8iaTfzCTq1BozwSUpfvd1A"},"message":"Created Successfully"},"level":"info"}
{"date":"2019-09-04T12:40:59.387Z","api":"/users/register","method":{"post":true},"body":{"email":"rvsuperadmin@yopmail.com","role":"super_admin","account_status":"active","first_name":"Super","last_name":"Admin","address":true,"country":"","state":"","city":"","zip":"","created_date_time":"2019-09-04T12:40:59.103Z"},"responce":{"hasError":false,"code":200,"data":{"token":"eyJhbGciOiJIUzI1NiIsInR5cCI6IkpXVCJ9.eyJ1c2VyX2lkIjoiNWQ2ZmIwZGJmYjZmMTQyMjZjN2EwNTRkIiwiaWF0IjoxNTY3NjAwODU5fQ.lBT2WTwL05w4IdYVmrOt9XXVT9a8v72vFdOZagZn7i0"},"message":"Created Successfully"},"level":"info"}
{"date":"2019-09-04T12:52:00.163Z","api":"/users/register","method":{"post":true},"body":{"email":"rvsuperadmin@yopmail.com","password":"$2b$10$W4hQWhwEfs2voSzaahWCZuHcmry9hVvpNVOc9XJiccEAt2BmJuiG.","role":"super_admin","account_status":"active","first_name":"Super","last_name":"Admin","address":true,"country":"","state":"","city":"","zip":"","created_date_time":"2019-09-04T12:51:59.792Z"},"responce":{"hasError":true,"code":400,"data":{"driver":true,"name":"MongoError","index":0,"code":11000,"errmsg":"E11000 duplicate key error collection: WorryFreeRV-dev.users index: email_1 dup key: { : \"rvsuperadmin@yopmail.com\" }"},"message":"E11000 duplicate key error collection: WorryFreeRV-dev.users index: email_1 dup key: { : \"rvsuperadmin@yopmail.com\" }"},"level":"error","message":"error"}
{"date":"2019-09-04T12:52:17.204Z","api":"/users/register","method":{"post":true},"body":{"email":"rvsuperadmin@yopmail.com","password":"$2b$10$859FXPQ2aZ94GyBJYMsii.sYkesao8bAdfSUNkMu12PIJ.9uNfkPy","role":"super_admin","account_status":"active","first_name":"Super","last_name":"Admin","address":true,"country":"","state":"","city":"","zip":"","created_date_time":"2019-09-04T12:52:16.846Z"},"responce":{"hasError":false,"code":200,"data":{"token":"eyJhbGciOiJIUzI1NiIsInR5cCI6IkpXVCJ9.eyJ1c2VyX2lkIjoiNWQ2ZmIzODAxMDAzMjgyMjA4MWFjNDg2IiwiaWF0IjoxNTY3NjAxNTM3fQ.NQ5VRb1Ph4Q9UMxoWUPdjns7q3O8dLr10ndqQyy1ujc"},"message":"Created Successfully"},"level":"info"}
{"date":"2019-09-04T13:02:40.418Z","api":"/users/login","method":{"post":true},"body":{"email":"rvsuperadmin@yopmail.com","password":"Admin@123"},"responce":{"hasError":true,"code":400,"data":{"message":"Invalid Email"},"message":"Invalid Email"},"level":"error","message":"error"}
{"date":"2019-09-04T13:04:57.479Z","api":"/users/login","method":{"post":true},"body":{"email":"rvsuperadmin@yopmail.com","password":"Admin@123"},"responce":{"hasError":false,"code":200,"data":{"token":"eyJhbGciOiJIUzI1NiIsInR5cCI6IkpXVCJ9.eyJ1c2VyX2lkIjoiNWQ2ZmIzODAxMDAzMjgyMjA4MWFjNDg2Iiwicm9sZSI6InN1cGVyX2FkbWluIiwiaWF0IjoxNTY3NjAyMjk3fQ.gZpU8N-MyElYF9KVtxkXQH2bn78kjvduzSmZUoOEl88"},"message":"Login Successfully"},"level":"info"}
{"date":"2019-09-04T13:05:09.486Z","api":"/users/login","method":{"post":true},"body":{"email":"rvsuperadmin@yopmail.com","password":"Admin@1234"},"responce":{"hasError":true,"code":400,"data":{"message":"Invalid Password"},"message":"Invalid Password"},"level":"error","message":"error"}
{"date":"2019-09-04T13:05:22.209Z","api":"/users/login","method":{"post":true},"body":{"email":"rvsuperadmin@yopmail.comm","password":"Admin@123"},"responce":{"hasError":true,"code":400,"data":{"message":"Invalid Email"},"message":"Invalid Email"},"level":"error","message":"error"}
{"date":"2019-09-04T13:45:31.963Z","api":"/users/login","method":{"post":true},"body":{"email":"rvsuperadmin@yopmail.com","password":"Admin@123"},"responce":{"hasError":false,"code":200,"data":{"token":"eyJhbGciOiJIUzI1NiIsInR5cCI6IkpXVCJ9.eyJ1c2VyX2lkIjoiNWQ2ZmIzODAxMDAzMjgyMjA4MWFjNDg2Iiwicm9sZSI6InN1cGVyX2FkbWluIiwiaWF0IjoxNTY3NjA0NzMxfQ.XUCjZx8WFWC0JZI0FHgW-mJobGDXPpP1dgijOs91sz4"},"message":"Login Successfully"},"level":"info"}
{"date":"2019-09-04T13:45:37.876Z","api":"/users/login","method":{"post":true},"body":{"email":"rvsuperadmin@yopmail.co","password":"Admin@123"},"responce":{"hasError":true,"code":400,"data":{"message":"Invalid Email"},"message":"Invalid Email"},"level":"error","message":"error"}
{"date":"2019-09-04T13:45:46.711Z","api":"/users/login","method":{"post":true},"body":{"email":"rvsuperadmin@yopmail.com","password":"Admin@1234"},"responce":{"hasError":true,"code":400,"data":{"message":"Password is incorrect"},"message":"Password is incorrect"},"level":"error","message":"error"}
{"date":"2019-09-04T13:46:18.855Z","api":"/users/login","method":{"post":true},"body":{"email":"rvsuperadmin@yopmail.com","password":"Admin@123"},"responce":{"hasError":false,"code":200,"data":{"token":"eyJhbGciOiJIUzI1NiIsInR5cCI6IkpXVCJ9.eyJ1c2VyX2lkIjoiNWQ2ZmIzODAxMDAzMjgyMjA4MWFjNDg2Iiwicm9sZSI6InN1cGVyX2FkbWluIiwiaWF0IjoxNTY3NjA0Nzc4fQ.Zl7wg04g0wHuApnjEU9jKjkvBsgkc8t-27Xry7bsVK8"},"message":"Login Successfully"},"level":"info"}
{"date":"2019-09-04T13:50:59.893Z","api":"/users/login","method":{"post":true},"body":{"email":"rvsuperadmin@yopmail.com","password":"Admin@123"},"responce":{"hasError":true,"code":400,"data":{"message":"Account Suspended: Your account is suspended by HealthGig superadmin. Please contact superadmin for more information"},"message":"Account Suspended: Your account is suspended by HealthGig superadmin. Please contact superadmin for more information"},"level":"error","message":"error"}
{"date":"2019-09-04T14:03:03.999Z","api":"/users/register","method":{"post":true},"body":{"email":"rvadmin@yopmail.com","password":"$2b$10$GleyKasGvi1GdCusOxI9eu2sRBOvoheTPXZGeW9IXUFvVsGqbiy/y","role":"admin","account_status":"active","first_name":"Admin","last_name":"Admin","address":"","country":"","state":"","city":"","zip":"","created_date_time":"2019-09-04T14:03:03.606Z"},"responce":{"hasError":false,"code":200,"data":{"token":"eyJhbGciOiJIUzI1NiIsInR5cCI6IkpXVCJ9.eyJ1c2VyX2lkIjoiNWQ2ZmM0MTc1MjM0N2UyOGI4YjBmNmY5IiwiaWF0IjoxNTY3NjA1NzgzfQ.EYfqMV8FmNpneqDvQcYy-aL3YYHIXKuRuU-fTXOK7oI"},"message":"Created Successfully"},"level":"info"}
